2017-01-03 10:30:58 [scrapy] ERROR: Error processing {'author': [],
 'comment_count': 0,
 'description': u'\u5143\u65e6\u5047\u671f\u8fc7\u540e\uff0c\u5c31\u5c06\u8fce\u6765\u671f\u672b\u8003\u8bd5\u3002\u4e0d\u5c11\u540c\u5b66\u5728\u653e\u5047\u4e4b\u9645\u4e5f\u4e0d\u6562\u6709\u4e00\u4e1d\u4e00\u6beb\u7684\u677e\u61c8\uff0c\u90fd\u5728\u4e3a\u671f\u672b\u8003\u8bd5\u505a\u6700\u540e\u7684\u51b2\u523a\u3002\u4f46\u662f\u5f88\u591a\u540c\u5b66\u5374\u975e\u5e38\u8ff7\u832b\uff0c\u5728\u8fd9\u4e48\u77ed\u7684\u65f6\u95f4\u5185\uff0c\u5982\u4f55\u505a\u597d\u6700\u540e\u7684\u51b2',
 'info_id': 'n477604574',
 'link': 'http://mt.sohu.com/20170103/n477604574.shtml',
 'news_body': [u'  ',
               u'\u3000\u3000\u5143\u65e6\u5047\u671f\u8fc7\u540e\uff0c\u5c31\u5c06\u8fce\u6765\u671f\u672b\u8003\u8bd5\u3002\u4e0d\u5c11\u540c\u5b66\u5728\u653e\u5047\u4e4b\u9645\u4e5f\u4e0d\u6562\u6709\u4e00\u4e1d\u4e00\u6beb\u7684\u677e\u61c8\uff0c\u90fd\u5728\u4e3a\u671f\u672b\u8003\u8bd5\u505a\u6700\u540e\u7684\u51b2\u523a\u3002\u4f46\u662f\u5f88\u591a\u540c\u5b66\u5374\u975e\u5e38\u8ff7\u832b\uff0c\u5728\u8fd9\u4e48\u77ed\u7684\u65f6\u95f4\u5185\uff0c\u5982\u4f55\u505a\u597d\u6700\u540e\u7684\u51b2\u523a\uff1f',
               u'\u3000\u3000',
               u'\u3000\u3000\u6700\u8fd1\u5f88\u591a\u5bb6\u957f\u770b\u5230\u5b69\u5b50\u5728\u5bb6\u6574\u5929\u62b1\u7740\u590d\u4e60\u8d44\u6599\u5543\u4e66\uff0c\u5f88\u662f\u5fc3\u75bc\u3002\u4e5f\u4e0d\u77e5\u9053\u5b69\u5b50\u8f9b\u82e6\u4ed8\u51fa\u7684\u6548\u679c\u600e\u4e48\u6837\uff0c\u6240\u4ee5\u4e0d\u5c11\u5bb6\u957f\u90fd\u901a\u8fc7\u5fae\u4fe1\u95ee\u6211\u5173\u4e8e\u671f\u672b\u8003\u8bd5\u7684\u95ee\u9898\u3002\u524d\u51e0\u5929\u770b\u5230\u6211\u5206\u4eab\u4e86\u5c0f\u5b66\u4f4e\u5e74\u7ea7\u7684\u671f\u672b\u9884\u6d4b\u51b2\u523a\u8bd5\u5377\u4e4b\u540e\uff0c\u90fd\u7eb7\u7eb7\u5728\u5fae\u4fe1\u4e0a\u95ee\u6211\u6709\u6ca1\u6709\u5c0f\u5b665\u30016\u5e74\u7ea7\u7684\u8bd5\u5377\uff0c\u8d81\u7740\u5143\u65e6\u653e\u5047\u4e4b\u9645\u7ed9\u5b69\u5b50\u505a\u4e00\u505a\uff0c\u68c0\u6d4b\u4e00\u4e0b\u6700\u8fd1\u51e0\u5468\u5b69\u5b50\u671f\u672b\u590d\u4e60\u7684\u4e00\u4e2a\u60c5\u51b5\u3002',
               u'\u3000\u3000\u4ecb\u4e8e\u592a\u591a\u5bb6\u957f\u90fd\u6709\u95ee\u9053\uff0c\u4eca\u5929\u5c31\u5728\u8fd9\u91cc\u7ed9\u5404\u4f4d\u5bb6\u957f\u5206\u4eab\u4e00\u4efd\u5c0f\u5b665\u30016\u5e74\u7ea7\u7684\u8bed\u6587\u8bd5\u5377\uff0c\u8003\u8651\u5230\u5927\u591a\u6570\u5730\u533a\u91c7\u7528\u7684\u90fd\u662f\u4eba\u6559\u7248\u7684\u6559\u6750\uff0c\u6240\u4ee5\u5c31\u6839\u636e5\u30016\u5e74\u7ea7\u4eba\u6559\u7248\u7684\u8bed\u6587\u6559\u6750\u6574\u7406\u7684\u3002\u5982\u679c\u9700\u8981\u5176\u4ed6\u6559\u6750\u7248\u672c\u6216\u662f\u5176\u4ed6\u5e74\u7ea7\u7684\u8d44\u6599\uff0c\u53ef\u4ee5\u901a\u8fc7\u5fae\u4fe1\u627e\u6211\u83b7\u53d6\u3002',
               u'\u3000\u3000\u4e94\u5e74\u7ea7\u4e0a\u518c\u8bd5\u5377\u7b54\u6848',
               u'\u3000\u3000\u516d\u5e74\u7ea7\u4e0a\u518c\u8bd5\u5377\u7b54\u6848',
               u'\u3000\u3000\u8d81\u7740\u671f\u672b\u8003\u8bd5\u4e4b\u524d\uff0c\u5143\u65e6\u653e\u5047\u4e4b\u9645\uff0c\u8d76\u7d27\u6536\u85cf\u7740\uff0c\u8003\u524d\u7ed9\u5b69\u5b50\u505a\u4e00\u505a\uff0c\u770b\u770b\u8fd8\u6709\u54ea\u4e9b\u77e5\u8bc6\u70b9\u6ca1\u638c\u63e1\uff0c\u53ef\u4ee5\u63d0\u524d\u6539\u6b63\u54df\uff01\u8fd8\u9700\u8981\u5176\u4ed6\u7684\u590d\u4e60\u8d44\u6599\u53ef\u901a\u8fc7\u5fae\u4fe1\u83b7\u53d6',
               u'\u3000\u3000\u52a0\u5fae\u4fe1\u9001\u300a\u4e2d\u5c0f\u5b66\u8d85\u7ea7\u8bb0\u5fc6\u300b\u5b66\u4e60\u8d44\u6599\uff0c\u514d\u8d39\u542c\u8bb0\u5fc6\u7f51\u7edc\u8bfe',
               u'\u3000\u3000\u4e13\u4e1a\u5728\u6821\u8001\u5e08\uff0c\u514d\u8d39\u5e2e\u52a9\u5bb6\u957f\u89e3\u51b3\u5b66\u4e60\u95ee\u9898',
               u'\u3000\u3000\u8bf7\u52a0\u5fae\u4fe1\uff1axuefangfa01\uff08\u5b66\u65b9\u6cd501\u7684\u62fc\u97f3\uff09'],
 'online_time': 20170103101456,
 'read_count': 14,
 'section': u'\u6559\u80b2',
 'source': [],
 'tag': None,
 'title': u'\u4eba\u6559\u7248\uff1a\u5c0f\u5b665\u30016\u5e74\u7ea7\u8bed\u6587\u201d\u671f\u672b\u9884\u6d4b\u8bd5\u5377\u201d\uff01 ?'}
Traceback (most recent call last):
  File "/usr/local/Python27/lib/python2.7/site-packages/Twisted-16.4.1-py2.7-linux-x86_64.egg/twisted/internet/defer.py", line 587, in _runCallbacks
    current.result = callback(current.result, *args, **kw)
  File "/home/spider_scrap/new_sohu/new_sohu/mysqlpipelines/pipelines.py", line 28, in process_item
    Sql.insert_t_informations(info_id, source, title, online_time, section, tag, author, link)
  File "/home/spider_scrap/new_sohu/new_sohu/mysqlpipelines/sql.py", line 33, in insert_t_informations
    cur.execute(sql, value)
  File "/usr/local/Python27/lib/python2.7/site-packages/mysql/connector/cursor.py", line 537, in execute
    stmt, self._process_params_dict(params))
  File "/usr/local/Python27/lib/python2.7/site-packages/mysql/connector/cursor.py", line 404, in _process_params_dict
    "Failed processing pyformat-parameters; %s" % err)
ProgrammingError: Failed processing pyformat-parameters; Python 'list' cannot be converted to a MySQL type
2017-01-04 13:00:52 [scrapy] ERROR: Error processing {'author': [],
 'comment_count': 0,
 'description': u'\u201c\u8fd9\u51e0\u5929\uff0c\u670b\u53cb\u5708\u88ab\u4e00\u6bb5\u201c\u5b66\u751f\u6253\u67b6\u201d\u7684\u89c6\u9891\u6240\u5237\u5c4f\uff0c\u4e00\u95f4\u5bbf\u820d\u5185\uff0c\u4e00\u540d\u8eab\u7a7f\u6821\u670d\u7684\u7537\u5b66\u751f\u591a\u6b21\u6bb4\u6253\u53e6\u5916\u4e00\u540d\u7537\u5b69\uff0c\u98de\u8e39\u5934\u90e8\u3001\u7528\u5934\u78d5\u94c1\u5e8a\u2026\u2026\u800c\u5bbf\u820d\u5185\u5176\u4ed6\u5b66\u751f\u4e00\u76f4\u5728\u65c1\u89c2\u6ca1\u6709\u4e0a\u524d',
 'info_id': 'n477729293',
 'link': 'http://mt.sohu.com/20170104/n477729293.shtml',
 'news_body': [u'\u3000\u3000\u201c',
               u'\u3000\u3000\u8fd9\u51e0\u5929\uff0c\u670b\u53cb\u5708\u88ab\u4e00\u6bb5\u201c\u5b66\u751f\u6253\u67b6\u201d\u7684\u89c6\u9891\u6240\u5237\u5c4f\uff0c\u4e00\u95f4\u5bbf\u820d\u5185\uff0c\u4e00\u540d\u8eab\u7a7f\u6821\u670d\u7684\u7537\u5b66\u751f\u591a\u6b21\u6bb4\u6253\u53e6\u5916\u4e00\u540d\u7537\u5b69\uff0c\u98de\u8e39\u5934\u90e8\u3001\u7528\u5934\u78d5\u94c1\u5e8a\u2026\u2026\u800c\u5bbf\u820d\u5185\u5176\u4ed6\u5b66\u751f\u4e00\u76f4\u5728\u65c1\u89c2\u6ca1\u6709\u4e0a\u524d\u529d\u963b\u3002\u6709\u7f51\u53cb\u79f0\uff0c\u8be5\u89c6\u9891\u53d1\u751f\u5730\u4e3a\u5927\u8fde\u5e02\u4e00\u6240\u5b66\u6821\u3002\u5230\u5e95\u662f\u548b\u56de\u4e8b\u513f\u5462\uff1f',
               u'\u3000\u3000\u201d',
               u'\u3000\u3000\u5bbf\u820d\u5185',
               u'\u3000\u3000\u5b66\u751f\u60e8\u88ab\u6bb4\u6253',
               u'\u3000\u3000\u5728\u8fd9\u6bb5\u89c6\u9891\u91cc\uff0c\u4e8b\u60c5\u53d1\u751f\u5728\u4e00\u95f4\u6709\u56db\u5f20\u9ad8\u4f4e\u5e8a\u7684\u5bbf\u820d\u5185\uff0c\u89c6\u9891\u4e00\u5f00\u59cb\uff0c\u5b66\u751fB\u5750\u5728\u4e0b\u94fa\uff0c\u53cc\u624b\u62ff\u7740\u624b\u673a\u5728\u6446\u5f04\uff0c\u201c\u4f60\u6454\u8c01\u5462\uff1f\u4f60\u6454\u8c01\u5462\uff1f\u2026\u2026\u201d\u8fc7\u9053\u7ad9\u7740\u7684\u8eab\u7a7f\u6821\u670d\u7684\u5b66\u751fA\u5634\u91cc\u56b7\u7740\uff0c\u63a5\u7740\u4f38\u811a\u8e39\u5e8a\u4e0a\u7684\u5b66\u751f\uff0c\u968f\u540e\u53c8\u4e00\u811a\u8e22\u5230\u4e86\u5bf9\u65b9\u7684\u5934\u4e0a\uff0c\u5b66\u751fB\u4e00\u76f4\u6ca1\u6709\u8fd8\u624b\uff0c\u4ed6\u7684\u53cc\u624b\u4ecd\u7136\u6367\u7740\u624b\u673a\u3002',
               u'\u3000\u3000',
               u'\u3000\u3000\u968f\u540e\uff0c\u5b66\u751fA\u53c8\u671dB\u7684\u5934\u90e8\u6253\u4e86\u4e00\u62f3\uff0c\u8ddf\u7740\u62fd\u4f4fB\u7684\u8863\u9886\u4e00\u628a\u5c06\u5176\u62fd\u4e0b\u5e8a\u3002\u8fd9\u65f6B\u5e26\u7740\u54ed\u8154\u56de\u4e86\u4e00\u53e5\u201c\u6211\u6454\u6211\u81ea\u5df1\u201d\u3002\u4f46\u5b66\u751fA\u4e0d\u4f9d\u4e0d\u9976\uff0c\u5c06\u5b66\u751fB\u7684\u5934\u6441\u5230\u5730\u4e0a\uff0c\u4e4b\u540e\u4e00\u811a\u8e39\u5728\u5b66\u751fB\u7684\u8170\u90e8\uff0c\u7d27\u63a5\u7740\u53c8\u62fd\u7740\u5b66\u751fB\u7684\u5934\u90e8\uff0c\u7528\u817f\u5c06\u5b66\u751fB\u7684\u5934\u90e8\u5f80\u5e8a\u6cbf\u4e0a\u9876\uff0c\u8fd9\u65f6\u5b66\u751fB\u7684\u60c5\u7eea\u6fc0\u52a8\u8d77\u6765\uff0c\u201c\u4f60\u6253\u5427\uff0c\u4f60\u6253\u6b7b\u6211\u5427\uff01 \u201d',
               u'\u3000\u3000\u7d27\u63a5\u7740\uff0c\u6c14\u6124\u4e4b\u6781\u7684\u5b66\u751fB\u81ea\u5df1\u7528\u529b\u5c06\u8111\u888b\u78d5\u5411\u5e8a\u6cbf\uff0c\u63a5\u7740\u53c8\u6325\u62f3\u731b\u51fb\u5e8a\u6cbf\u2026\u2026',
               u'\u3000\u3000\u5b66\u751f\u906d\u6bb4\u6253',
               u'\u3000\u3000\u820d\u53cb\u65c1\u89c2',
               u'\u3000\u3000\u6b64\u65f6\uff0c\u5b66\u751fA\u4ecd\u7136\u4e0d\u4f9d\u4e0d\u9976\uff0c\u53ea\u89c1\u4ed6\u53cc\u624b\u6491\u5728\u4e0a\u94fa\u5e8a\u6cbf\u4e0a\uff0c\u7136\u540e\u60ac\u7a7a\u98de\u8d77\u4e00\u811a\uff0c\u76f4\u63a5\u8e22\u5728\u5b66\u751fB\u7684\u5934\u90e8\uff0c\u968f\u540e\u53c8\u62fd\u7740\u5b66\u751fB\u7684\u8111\u888b\u5c06\u5176\u63a8\u5411\u623f\u95e8\uff0c\u5e76\u5c06\u5b66\u751fB\u9876\u5728\u623f\u95e8\u4e0a\u8d28\u95ee\uff0c\u201c\u4f60\u6454\u8c01\u5462\uff1f \u201d\u8fd9\u65f6\u5b66\u751fB\u89e3\u91ca\u8bf4\uff0c\u201c\u6211\u6ca1\u6454\u4f60\uff0c\u6211\u8fd8\u8981\u6253\u6392\u4f4d\u3002 \u201d',
               u'\u3000\u3000',
               u'\u3000\u3000\u5b66\u751fA\u5728\u6253\u4eba\u8fc7\u7a0b\u4e2d\u8d28\u95ee\u5b66\u751fB\uff0c\u201c\u6211\u628a\u4f60\u5f53\u670b\u53cb\uff0c\u5e26\u4f60\u51fa\u53bb\u62bd\u70df\uff0c\u6211\u8981\u624b\u673a\u65f6\u4f60\u4ec0\u4e48\u6001\u5ea6\uff1f \u201d\u5b66\u751fB\u56de\u5e94\u79f0\uff0c\u201c\u6211\u4e5f\u628a\u4f60\u5f53\u670b\u53cb\uff0c\u6211\u8981\u6253\u6392\u4f4d\uff0c\u6211\u5c31\u5dee5\u5206\u3002 \u201d\u901a\u8fc7\u4e24\u540d\u5b66\u751f\u7684\u5bf9\u8bdd\uff0c\u4e8b\u60c5\u7684\u8d77\u56e0\u7591\u4e3a\u5b66\u751fB\u5728\u73a9\u624b\u673a\u6253\u6392\u4f4d\uff0c\u5b66\u751fA\u62a2\u5bf9\u65b9\u624b\u673a\uff0c\u5b66\u751fB\u4e0d\u6ee1\u6454\u4e86\u624b\u673a\uff0c\u56e0\u6b64\u6fc0\u6012\u4e86\u5b66\u751fA\uff0c\u8fd9\u624d\u52a8\u624b\u6253\u4eba\u3002',
               u'\u3000\u3000\u5bbf\u820d\u5185\u8fd8\u6709\u5176\u4ed6\u5b66\u751f\uff0c\u4f46\u5b66\u751fA\u6253\u4eba\u8fc7\u7a0b\u4e2d\uff0c\u5176\u4ed6\u5b66\u751f\u90fd\u5728\u65c1\u89c2\uff0c\u6ca1\u6709\u4e0a\u524d\u529d\u963b\u3002',
               u'\u3000\u3000\u540c\u5bdd\u597d\u53cb\u6253\u67b6',
               u'\u3000\u3000\u540e\u53c8\u548c\u597d',
               u'\u3000\u3000\u65e9\u5728\u53bb\u5e7411\u670815\u65e5\uff0c\u7f51\u53cb\u201c\u4e30\u54e5life\u201d\u5c31\u628a\u8fd9\u6bb5\u89c6\u9891\u53d1\u5e03\u5230\u767e\u5ea6\u201c\u5927\u8fde\u74e6\u623f\u5e97\u201d\u8d34\u5427\u3002\u8fd9\u6bb5\u89c6\u9891\u88ab\u7f51\u53cb\u8f6c\u53d1\u5230\u5fae\u4fe1\u5fae\u535a\u540e\uff0c\u5f15\u8d77\u4e86\u7f51\u53cb\u7684\u5e7f\u6cdb\u5173\u6ce8\u3002\u5f88\u591a\u7f51\u53cb\u5728\u5fae\u535a\u7559\u8a00\u79f0\uff0c\u89c6\u9891\u4e2d\u7684\u6821\u670d\u662f\u5927\u8fde\u67d0\u5b66\u6821\u7684\u6821\u670d\u3002',
               u'\u3000\u30001\u67083\u65e5\u4e0b\u5348\uff0c\u8fd9\u6240\u5b66\u6821\u65b9\u9762\u56de\u5e94\u79f0\uff0c\u7ecf\u8c03\u67e5\uff0c\u6b64\u4e8b\u53d1\u751f\u5728\u53bb\u5e7411\u6708\u4e2d\u65ec\uff0c\u53d1\u751f\u4e89\u6267\u7684\u4e24\u540d\u5b66\u751f\u662f\u540c\u5bdd\u7684\u597d\u670b\u53cb\uff0c\u5f53\u5929\u4e24\u4eba\u56e0\u4e3a\u7410\u4e8b\u6253\u4e86\u8d77\u6765\uff0c\u540c\u5b66\u5f55\u4e86\u4e0b\u6765\u4e0a\u4f20\u5230\u7f51\u4e0a\uff0c\u4e8b\u540e\u4e24\u4eba\u53c8\u548c\u597d\u4e86\uff0c\u7531\u4e8e\u6ca1\u6709\u9020\u6210\u4ec0\u4e48\u540e\u679c\uff0c\u4e5f\u6ca1\u4eba\u5411\u8001\u5e08\u6c47\u62a5\uff0c\u56e0\u6b64\u5b66\u6821\u65b9\u9762\u4e00\u70b9\u4e5f\u4e0d\u77e5\u9053\u8fd9\u4ef6\u4e8b\u3002',
               u'\uff08\u4fe1\u6e90\uff1a\u534a\u5c9b\u6668\u62a5\uff09',
               u'\u3000\u3000',
               u'\u5927\u5bb6\u6b64\u523b\u90fd\u5728\u770b\u8fd9\u4e9b \u2193',
               u'\u3000\u3000\u25cf "\u65b0\u95fb\u5927\u8fde"2017\u4e3b\u9898\u7535\u5b50\u5e74\u5386',
               u'\u3000\u3000\u25cf \u539f\u6765\u4e2d\u56fd"\u6700\u77ed\u957f\u57ce"\u5728\u5927\u8fde',
               u'\u3000\u3000\u25cf \u73b0\u4ee3\u535a\u7269\u9986\u5165\u9009"\u56fd\u5bb6\u4e00\u7ea7"',
               u'\u3000\u3000\u25cf \u5927\u8fde\u4eba\u65e5\u5747\u8d70\u591a\u5c11\u6b65 \u4f60\u591f\u5417',
               u'\u3000\u3000\u25cf \u8ddf\u4eba\u5b66\u5b66 \u5168\u5bb6\u798f\u8fd8\u80fd\u8fd9\u6837\u62cd',
               u'\u3000\u3000\u25cf \u4f60\u9020\u5417 \u5927\u8fde\u6709\u6761"\u5e02\u5185\u8f6e\u6e21"'],
 'online_time': 20170104122835,
 'read_count': 4,
 'section': u'\u6559\u80b2',
 'source': [],
 'tag': u'\u5bbf\u820d',
 'title': u'\u4e8b\u53d1\u5927\u8fde\uff01"\u5b66\u751f\u6253\u67b6"\u89c6\u9891'}
Traceback (most recent call last):
  File "/usr/local/Python27/lib/python2.7/site-packages/Twisted-16.4.1-py2.7-linux-x86_64.egg/twisted/internet/defer.py", line 587, in _runCallbacks
    current.result = callback(current.result, *args, **kw)
  File "/home/spider_scrap/new_sohu/new_sohu/mysqlpipelines/pipelines.py", line 28, in process_item
    Sql.insert_t_informations(info_id, source, title, online_time, section, tag, author, link)
  File "/home/spider_scrap/new_sohu/new_sohu/mysqlpipelines/sql.py", line 33, in insert_t_informations
    cur.execute(sql, value)
  File "/usr/local/Python27/lib/python2.7/site-packages/mysql/connector/cursor.py", line 537, in execute
    stmt, self._process_params_dict(params))
  File "/usr/local/Python27/lib/python2.7/site-packages/mysql/connector/cursor.py", line 404, in _process_params_dict
    "Failed processing pyformat-parameters; %s" % err)
ProgrammingError: Failed processing pyformat-parameters; Python 'list' cannot be converted to a MySQL type
2017-01-04 21:30:43 [scrapy] ERROR: Error processing {'author': [],
 'comment_count': 0,
 'description': u'\u6839\u636e\u6559\u80b2\u90e8\u8003\u8bd5\u4e2d\u5fc3\u7edf\u4e00\u90e8\u7f72\uff0c\u6211\u77012017\u5e74\u4e0a\u534a\u5e74\u4e2d\u5c0f\u5b66\u6559\u5e08\u8d44\u683c\u8003\u8bd5\u7b14\u8bd5\u5de5\u4f5c\u5b89\u6392\u516c\u544a\u5982\u4e0b\uff1a\u4e00\u3001\u8003\u8bd5\u65e5\u671f\u53ca\u5b89\u63922017\u5e74\u4e0a\u534a\u5e74\u7b14\u8bd5\u8003\u8bd5\u65f6\u95f4\u4e3a3\u670811\u65e5\uff0c\u7b14\u8bd5\u5404\u79d1\u8003\u8bd5',
 'info_id': 'n477788337',
 'link': 'http://mt.sohu.com/20170104/n477788337.shtml',
 'news_body': [u'\u3000\u3000\u6839\u636e\u6559\u80b2\u90e8\u8003\u8bd5\u4e2d\u5fc3\u7edf\u4e00\u90e8\u7f72\uff0c\u6211\u77012017\u5e74\u4e0a\u534a\u5e74\u4e2d\u5c0f\u5b66\u6559\u5e08\u8d44\u683c\u8003\u8bd5\u7b14\u8bd5\u5de5\u4f5c\u5b89\u6392\u516c\u544a\u5982\u4e0b\uff1a ',
               u'\u3000\u3000\u4e00\u3001\u8003\u8bd5\u65e5\u671f\u53ca\u5b89\u6392',
               u'\u3000\u30002017\u5e74\u4e0a\u534a\u5e74\u7b14\u8bd5\u8003\u8bd5\u65f6\u95f4\u4e3a3\u670811\u65e5\uff0c\u7b14\u8bd5\u5404\u79d1\u8003\u8bd5\u65f6\u95f4\u5747\u4e3a120\u5206\u949f\u3002\u5404\u79d1\u76ee\u5747\u91c7\u53d6\u7eb8\u7b14\u65b9\u5f0f\u8003\u8bd5\u3002',
               u'\u3000\u3000\u65f6 \u95f4\u3000\u3000\u7c7b \u522b',
               u'2017\u5e74\u4e0a\u534a\u5e74\u7b14\u8bd5\u65f6\u95f4\uff1a3\u670811\u65e5\uff08\u661f\u671f\u516d\uff09',
               u'\u4e0a \u53489:00-11:00',
               u'\u4e0b \u534813:00-15:00',
               u'\u4e0b \u534816:00-18:00',
               u'\u5e7c \u513f \u56ed',
               u'\u7efc\u5408\u7d20\u8d28(101)',
               u'\u4fdd\u6559\u77e5\u8bc6\u4e0e\u80fd\u529b(102)',
               u'\u2014',
               u'\u5c0f \u5b66',
               u'\u7efc\u5408\u7d20\u8d28(201)',
               u'\u6559\u80b2\u6559\u5b66\u77e5\u8bc6\u4e0e\u80fd\u529b(202)',
               u'\u2014',
               u'\u521d\u7ea7\u4e2d\u5b66',
               u'\u7efc\u5408\u7d20\u8d28\uff08\u4e2d\u5b66\uff09(301)',
               u'\u6559\u80b2\u77e5\u8bc6\u4e0e\u80fd\u529b\uff08302\uff09',
               u'\u5b66\u79d1\u77e5\u8bc6\u4e0e\u6559\u5b66\u80fd\u529b',
               u'\u9ad8\u7ea7\u4e2d\u5b66',
               u'\u3000\u3000\u5b66\u79d1\u77e5\u8bc6\u4e0e\u6559\u5b66\u80fd\u529b',
               u'\u4e2d\u804c',
               u'\u6587\u5316\u8bfe',
               u'\u4e13\u4e1a\u8bfe',
               u'\u3000\u3000\u5b9e\u4e60\u6307\u5bfc',
               u'\u3000\u3000\u4e8c\u3001\u8003\u8bd5\u5bf9\u8c61',
               u'\u3000\u3000\u51e1\u6d59\u6c5f\u7701\u5185\uff08\u542b\u6237\u7c4d\u6216\u4eba\u4e8b\u6863\u6848\u5728\u6d59\u6c5f\u7701\uff09\u7533\u8bf7\u5e7c\u513f\u56ed\u3001\u5c0f\u5b66\u3001\u521d\u7ea7\u4e2d\u5b66\u3001\u9ad8\u7ea7\u4e2d\u5b66\u3001\u4e2d\u7b49\u804c\u4e1a\u5b66\u6821\u6559\u5e08\u8d44\u683c\u7684\u4eba\u5458\u987b\u53c2\u52a0\u4e2d\u5c0f\u5b66\u6559\u5e08\u8d44\u683c\u8003\u8bd5\u3002 ',
               u'\u3000\u3000\u6309\u7167\u6211\u7701\u6559\u5e08\u8d44\u683c\u8003\u8bd5\u6539\u9769\u8bd5\u70b9\u5de5\u4f5c\u8fc7\u6e21\u653f\u7b56\uff0c\u8bd5\u70b9\u5de5\u4f5c\u542f\u52a8\u524d\u5df2\u5165\u5b66\u7684\u5168\u65e5\u5236\u666e\u901a\u9662\u6821\u5e08\u8303\u7c7b\u4e13\u4e1a\u5b66\u751f\uff08\u542b\u5168\u7701\u7edf\u4e00\u8ba1\u5212\u62db\u6536\u7684\u521d\u4e2d\u8d77\u70b92009\u5e74-2011\u5e74\u5165\u5b66\u7684\u4e94\u5e74\u5236\u5b66\u524d\u6559\u80b2\u5927\u4e13\u73ed\u5b66\u751f\uff09\uff0c\u53ef\u4ee5\u6301\u6bd5\u4e1a\u8bc1\u4e66\u7533\u8bf7\u76f4\u63a5\u8ba4\u5b9a\u76f8\u5e94\u7684\u6559\u5e08\u8d44\u683c\u3002\u8bd5\u70b9\u5de5\u4f5c\u542f\u52a8\u540e\uff0c\u53732012\u5e74\u53ca\u4ee5\u540e\u5165\u5b66\u7684\u5e08\u8303\u7c7b\u4e13\u4e1a\u5b66\u751f\uff08\u542b\u201c\u4e13\u5347\u672c\u201d\u5e08\u8303\u751f\u3001\u5168\u65e5\u5236\u6559\u80b2\u7855\u58eb\uff09\uff0c\u7533\u8bf7\u4e2d\u5c0f\u5b66\u6559\u5e08\u8d44\u683c\u987b\u53c2\u52a0\u4e2d\u5c0f\u5b66\u6559\u5e08\u8d44\u683c\u8003\u8bd5\u3002',
               u'\u3000\u3000\u5df2\u53d6\u5f97\u300a\u6d59\u6c5f\u7701\u7533\u8bf7\u6559\u5e08\u8d44\u683c\u4eba\u5458\u6559\u80b2\u5b66\u3001\u5fc3\u7406\u5b66\u8003\u8bd5\u5408\u683c\u8bc1\u4e66\u300b\u8005\uff0c\u5728\u89c4\u5b9a\u7684\u6709\u6548\u671f\u5185\uff0c\u4ecd\u53ef\u6309\u539f\u6559\u5e08\u8d44\u683c\u8ba4\u5b9a\u6e20\u9053\u548c\u529e\u6cd5\u7533\u8bf7\u8ba4\u5b9a\u6559\u5e08\u8d44\u683c\u3002',
               u'\u3000\u3000\u4e09\u3001\u62a5\u8003\u6761\u4ef6',
               u'\u3000\u3000\u7533\u8bf7\u53c2\u52a0\u4e2d\u5c0f\u5b66\u6559\u5e08\u8d44\u683c\u8003\u8bd5\u7684\u4eba\u5458\uff0c\u5e94\u7b26\u5408\u6559\u80b2\u90e8\u300a\u4e2d\u5c0f\u5b66\u6559\u5e08\u8d44\u683c\u8003\u8bd5\u6682\u884c\u529e\u6cd5\u300b\u89c4\u5b9a\u7684\u57fa\u672c\u6761\u4ef6\uff0c\u5e76\u5177\u5907\u5982\u4e0b\u5b66\u5386\u6761\u4ef6\uff1a',
               u'\u3000\u3000\u96642011\u5e74\u53ca\u4ee5\u524d\u5df2\u7ecf\u5165\u5b66\u7684\u6211\u7701\u4e2d\u7b49\u804c\u4e1a\u5b66\u6821\u5b66\u524d\u6559\u80b2\u4e13\u4e1a\uff08\u5e7c\u5e08\u73ed\uff09\u5b66\u751f\uff0c\u53d6\u5f97\u6bd5\u4e1a\u8bc1\u4e66\u540e\uff0c\u53ef\u4ee5\u62a5\u8003\u5e7c\u513f\u56ed\u6559\u5e08\u8d44\u683c\u5916\uff0c\u62a5\u8003\u5e7c\u513f\u56ed\u6559\u5e08\u8d44\u683c\u7684\u5e94\u5f53\u5177\u5907\u5927\u5b66\u4e13\u79d1\u6bd5\u4e1a\u53ca\u4ee5\u4e0a\u5b66\u5386\uff1b\u62a5\u8003\u5c0f\u5b66\u6559\u5e08\u8d44\u683c\u7684\u5e94\u5f53\u5177\u5907\u5927\u5b66\u4e13\u79d1\u6bd5\u4e1a\u53ca\u4ee5\u4e0a\u5b66\u5386\u3002\u62a5\u8003\u521d\u7ea7\u4e2d\u5b66\u3001\u9ad8\u7ea7\u4e2d\u5b66\u3001\u4e2d\u7b49\u804c\u4e1a\u5b66\u6821\u6587\u5316\u8bfe\u548c\u4e13\u4e1a\u8bfe\u6559\u5e08\u8d44\u683c\u7684\u5e94\u5f53\u5177\u5907\u5927\u5b66\u672c\u79d1\u6bd5\u4e1a\u53ca\u4ee5\u4e0a\u5b66\u5386\uff1b\u62a5\u8003\u4e2d\u7b49\u804c\u4e1a\u5b66\u6821\u5b9e\u4e60\u6307\u5bfc\u6559\u5e08\u8d44\u683c\u7684\u5e94\u5f53\u5177\u5907\u5927\u5b66\u4e13\u79d1\u6bd5\u4e1a\u53ca\u4ee5\u4e0a\u5b66\u5386\uff0c\u540c\u65f6\u8fd8\u5e94\u5177\u5907\u76f8\u5f53\u4e8e\u52a9\u7406\u5de5\u7a0b\u5e08\u4ee5\u4e0a\u4e13\u4e1a\u6280\u672f\u8d44\u683c\u6216\u8005\u4e2d\u7ea7\u4ee5\u4e0a\u5de5\u4eba\u6280\u672f\u7b49\u7ea7\u3002',
               u'\u3000\u3000\u5168\u7701\u5217\u5165\u56fd\u5bb6\u666e\u901a\u9ad8\u7b49\u5b66\u6821\u62db\u751f\u8ba1\u5212\u7684\u4e13\u79d1\u548c\u672c\u79d1\u5728\u6821\u6bd5\u4e1a\u73ed\u5b66\u751f\uff0c\u987b\u51ed\u5b66\u6821\u5b66\u7c4d\u7ba1\u7406\u90e8\u95e8\u51fa\u5177\u7684\u5b66\u7c4d\u8bc1\u660e\u62a5\u8003\u6559\u5e08\u8d44\u683c\u8003\u8bd5\u3002\u975e\u6d59\u6c5f\u6237\u53e3\u7684\u5728\u6211\u7701\u9ad8\u6821\u5c31\u8bfb\u7684\u5168\u65e5\u5236\u7814\u7a76\u751f\uff0c\u53ef\u51ed\u5b66\u6821\u5b66\u7c4d\u7ba1\u7406\u90e8\u95e8\u51fa\u5177\u7684\u5b66\u7c4d\u8bc1\u660e\u62a5\u8003\u6559\u5e08\u8d44\u683c\u8003\u8bd5\u3002\u5b66\u7c4d\u8bc1\u660e\u6837\u4f8b\u8bf7\u4ece\u9644\u4ef6\u4e2d\u4e0b\u8f7d\u3002',
               u'\u3000\u3000\u6839\u636e\u300a\u6d59\u6c5f\u7701\u6559\u80b2\u5385\u529e\u516c\u5ba4\u5173\u4e8e\u8c03\u6574\u9ad8\u6821\u5728\u6821\u5e08\u8303\u751f\u9996\u6b21\u53c2\u52a0\u6559\u5e08\u8d44\u683c\u8003\u8bd5\u65f6\u95f4\u7684\u901a\u77e5\u300b\uff08\u6d59\u6559\u529e\u5e08[2015]96\u53f7\uff09,\u201c\u4ece2016\u5e74\u4e0a\u534a\u5e74\u5f00\u59cb\uff0c\u6211\u7701\u9ad8\u6821\u5728\u6821\u5e08\u8303\u751f\u9996\u6b21\u53c2\u52a0\u6559\u5e08\u8d44\u683c\u8003\u8bd5\u65f6\u95f4\u8c03\u6574\u4e3a\u672c\u4e13\u79d1\u751f\u6bd5\u4e1a\u524d\u7684\u7b2c\u4e09\u5b66\u671f\u3002\u9ad8\u6821\u975e\u5e08\u8303\u4e13\u4e1a\u5728\u6821\u751f\u53c2\u52a0\u6559\u5e08\u8d44\u683c\u8003\u8bd5\u65f6\u95f4\u4e0d\u53d8\uff0c\u4ecd\u4e3a\u6bd5\u4e1a\u73ed\u3002\u201d',
               u'\u3000\u3000\u53c2\u52a0\u4e2d\u5c0f\u5b66\u6559\u5e08\u8d44\u683c\u8003\u8bd5\u53d6\u5f97\u5408\u683c\u6210\u7ee9\uff0c\u53ea\u662f\u8ba4\u5b9a\u6559\u5e08\u8d44\u683c\u7684\u4e00\u4e2a\u5fc5\u8981\u6761\u4ef6\uff0c\u5b66\u5386\u5c42\u6b21\u3001\u6240\u5b66\u4e13\u4e1a\u3001\u8eab\u4f53\u6761\u4ef6\u7b49\u90fd\u662f\u8ba4\u5b9a\u6559\u5e08\u8d44\u683c\u7684\u91cd\u8981\u6761\u4ef6\uff0c\u56e0\u6b64\uff0c\u6709\u53ef\u80fd\u5f71\u54cd\u6559\u5e08\u8d44\u683c\u8ba4\u5b9a\u7684\u4eba\u5458\uff0c\u5efa\u8bae\u8c28\u614e\u62a5\u8003\u3002',
               u'\u3000\u3000\u56db\u3001\u7f51\u4e0a\u62a5\u540d\u53ca\u73b0\u573a\u786e\u8ba4',
               u'\u3000\u30002017\u5e74\u4e0a\u534a\u5e74\u4e2d\u5c0f\u5b66\u6559\u5e08\u8d44\u683c\u8003\u8bd5\u7b14\u8bd5\u62a5\u540d\u7f51\u4e0a\u4fe1\u606f\u8f93\u5165\u65f6\u95f4\u4e3a1\u670813\u65e59\u65f6\u81f316\u65e512\u65f6\uff0c\u73b0\u573a\u786e\u8ba4\u622a\u6b62\u65f6\u95f4\u4e3a1\u670816\u65e515\u65f6\u3002\u73b0\u573a\u786e\u8ba4\u65f6\u95f4\u3001\u5730\u5740\u7b49\u8be6\u89c1\u5404\u5e02\u7f51\u7ad9\u516c\u544a\u3002\u8bf7\u8003\u751f\u5408\u7406\u5b89\u6392\u65f6\u95f4\uff0c\u5e76\u5728\u89c4\u5b9a\u7684\u65f6\u95f4\u5185\u529e\u7406\u76f8\u5173\u624b\u7eed\u3002',
               u'2017\u5e74\u4e0a\u534a\u5e74\u6d59\u6c5f\u7701\u4e2d\u5c0f\u5b66\u6559\u5e08\u8d44\u683c\u8003\u8bd5\uff08\u7b14\u8bd5\uff09',
               u'\u62a5\u540d\u73b0\u573a\u786e\u8ba4\u8054\u7cfb\u7535\u8bdd\u53ca\u516c\u544a\u7f51\u7ad9',
               u'\u8003\u533a',
               u'\u8054\u7cfb\u7535\u8bdd',
               u'\u76f8\u5173\u7f51\u7ad9',
               u'\u676d\u5dde',
               u'0571-85866663',
               u'www.hzjyks.net\uff08\u6559\u5e08\u8d44\u683c\uff09',
               u'\u5b81\u6ce2',
               u'0574-87323004',
               u'nbeea.nbedu.gov.cn\uff08\u793e\u4f1a\u8003\u8bd5\uff09',
               u'\u6e29\u5dde',
               u'0577-88638063',
               u'www.wzksy.cn\uff08\u975e\u5b66\u5386\u8003\u8bd5\uff09',
               u'\u5609\u5174',
               u'0573-82079436',
               u'www.jxksy.com',
               u'\u6e56\u5dde',
               u'0572-20307930572-2572765',
               u'www.hzjyks.com\uff08\u975e\u5b66\u5386\u8003\u8bd5\uff09',
               u'\u7ecd\u5174',
               u'0575-851457340575-85224680',
               u'zk.sxzz.cn',
               u'\u91d1\u534e',
               u'0579-824696220579-82469621',
               u'www.jhedu.org\uff08\u6559\u80b2\u8003\u8bd5\uff09',
               u'\u8862\u5dde',
               u'0570-30893420570-3071319',
               u'www.qzedu.net',
               u'\u821f\u5c71',
               u'0580-20499520580-20275260580-2037312',
               u'www.zsjy.gov.cn\uff08\u62db\u751f\u8003\u8bd5\uff09',
               u'\u53f0\u5dde',
               u'0576-885820700576-88501928',
               u'www.tzedu.org\uff08\u62db\u751f\u8003\u8bd5\uff09',
               u'\u4e3d\u6c34',
               u'0578-2113661',
               u'www.zjlsedu.org/Category_84/Index.aspx',
               u'\u3000\u3000\u7b26\u5408\u62a5\u8003\u6761\u4ef6\u8005\uff0c\u53ef\u5728\u89c4\u5b9a\u7684\u62a5\u540d\u671f\u9650\u5185\u767b\u9646\u6559\u80b2\u90e8\u4e2d\u5c0f\u5b66\u6559\u5e08\u8d44\u683c\u8003\u8bd5\u7f51\u7ad9\uff08www.ntce.cn\uff09\uff0c\u4f9d\u7167\u680f\u76ee\u6307\u5f15\u53ca\u76f8\u5173\u8981\u6c42\u8fdb\u884c\u7f51\u4e0a\u4fe1\u606f\u8f93\u5165\u3002\u6240\u6709\u8003\u751f\uff08\u542b\u5df2\u7ecf\u53c2\u52a0\u8fc7\u672c\u9879\u8003\u8bd5\u7684\uff09\u5728\u672c\u6b21\u7b14\u8bd5\u62a5\u540d\u524d\u5747\u9700\u901a\u8fc7\u7f51\u4e0a\u62a5\u540d\u7cfb\u7edf\u91cd\u65b0\u6ce8\u518c\u5e76\u586b\u62a5\u76f8\u5173\u4e2a\u4eba\u4fe1\u606f\u3002\u91cd\u65b0\u6ce8\u518c\u64cd\u4f5c\u4e0d\u5f71\u54cd\u8003\u751f\u4e4b\u524d\u5df2\u53c2\u52a0\u7684\u8003\u8bd5\u53ca\u83b7\u5f97\u7684\u6210\u7ee9\u3002\u8003\u751f\u9700\u5bf9\u672c\u4eba\u6240\u586b\u62a5\u4fe1\u606f\u7684\u51c6\u786e\u6027\u8d1f\u8d23\uff0c\u7531\u4e8e\u586b\u62a5\u4fe1\u606f\u5dee\u9519\u5bfc\u81f4\u7684\u540e\u679c\uff0c\u7531\u8003\u751f\u672c\u4eba\u627f\u62c5\u3002\u6240\u6709\u8003\u751f\u9700\u5728\u4fe1\u606f\u8f93\u5165\u540e\u6309\u5404\u8003\u533a\u786e\u5b9a\u7684\u65f6\u95f4\u3001\u5730\u70b9\u8fdb\u884c\u73b0\u573a\u786e\u8ba4\uff08\u5305\u62ec\u62a5\u540d\u8d44\u683c\u5ba1\u67e5\u3001\u7167\u7247\u4fe1\u606f\u68c0\u9a8c\u3001\u7f34\u8d39\u7b49\uff09\u3002',
               u'\u3000\u3000\u73b0\u573a\u786e\u8ba4\u9700\u8003\u751f\u672c\u4eba\u643a\u5e26\u6709\u5173\u6750\u6599\u524d\u5f80\u76f8\u5e94\u8003\u533a\u6307\u5b9a\u7684\u5730\u70b9\u8fdb\u884c\uff0c\u9700\u643a\u5e26\u7684\u6750\u6599\u6709\uff1a',
               u'\u3000\u3000\uff08\u4e00\uff09\u6237\u7c4d\u5728\u6d59\u6c5f\u7701\u5185\u7684\u8003\u751f',
               u'\u3000\u30001.\u8003\u751f\u672c\u4eba\u6709\u6548\u4e8c\u4ee3\u8eab\u4efd\u8bc1\u53ca\u6237\u53e3\u7c3f\u539f\u4ef6\u3001\u590d\u5370\u4ef6\uff1b',
               u'\u3000\u30002.\u8003\u751f\u672c\u4eba\u76f8\u5173\u5b66\u5386\u3001\u6bd5\u4e1a\u8bc1\u660e\u3001\u6280\u672f\u8d44\u683c\u8bc1\u660e\u7b49\u539f\u4ef6\u3001\u590d\u5370\u4ef6\u3002',
               u'\u3000\u3000\uff08\u4e8c\uff09\u4eba\u4e8b\u5173\u7cfb\u5728\u6211\u7701\u7684\u8003\u751f',
               u'\u3000\u30001.\u8003\u751f\u672c\u4eba\u6709\u6548\u4e8c\u4ee3\u8eab\u4efd\u8bc1\u539f\u4ef6\u3001\u590d\u5370\u4ef6\uff1b',
               u'\u3000\u30002.\u7531\u4eba\u4e8b\u5173\u7cfb\u7ba1\u7406\u90e8\u95e8\u51fa\u5177\u7684\u4eba\u4e8b\u5173\u7cfb\u8bc1\u660e\u539f\u4ef6\u3001\u590d\u5370\u4ef6\uff1b',
               u'\u3000\u30003.\u8003\u751f\u672c\u4eba\u76f8\u5173\u5b66\u5386\u3001\u6bd5\u4e1a\u8bc1\u660e\u3001\u6280\u672f\u8d44\u683c\u8bc1\u660e\u7b49\u539f\u4ef6\u3001\u590d\u5370\u4ef6\u3002',
               u'\u3000\u3000\uff08\u4e09\uff09\u5728\u7701\u5185\u9ad8\u6821\u5c31\u8bfb\u7684\u6bd5\u4e1a\u73ed\u5b66\u751f\uff1a',
               u'\u3000\u3000\u5168\u7701\u5217\u5165\u56fd\u5bb6\u666e\u901a\u9ad8\u7b49\u5b66\u6821\u62db\u751f\u8ba1\u5212\u7684\u4e13\u79d1\u548c\u672c\u79d1\u5728\u6821\u6bd5\u4e1a\u73ed\u5b66\u751f\uff0c\u53ef\u51ed\u8003\u751f\u672c\u4eba\u6709\u6548\u4e8c\u4ee3\u8eab\u4efd\u8bc1\uff08\u539f\u4ef6\u3001\u590d\u5370\u4ef6\uff09\u3001\u5b66\u6821\u5b66\u7c4d\u7ba1\u7406\u90e8\u95e8\u6216\u6559\u5b66\u7ba1\u7406\u90e8\u95e8\u51fa\u5177\u7684\u8bc1\u660e\u53ca\u5b66\u751f\u8bc1\u539f\u4ef6\u62a5\u8003\u6559\u5e08\u8d44\u683c\u8003\u8bd5\uff08\u8bc1\u660e\u6837\u4f8b\u8bf7\u4ece\u9644\u4ef6\u4e2d\u4e0b\u8f7d\uff09\u3002',
               u'\u3000\u3000\uff08\u56db\uff09\u5728\u7701\u5185\u9ad8\u6821\u5c31\u8bfb\u7684\u5168\u65e5\u5236\u7814\u7a76\u751f\uff1a',
               u'\u3000\u3000\u975e\u6d59\u6c5f\u6237\u53e3\u7684\u5728\u6211\u7701\u9ad8\u6821\u5c31\u8bfb\u7684\u5168\u65e5\u5236\u7814\u7a76\u751f\uff0c\u53ef\u51ed\u8003\u751f\u672c\u4eba\u6709\u6548\u4e8c\u4ee3\u8eab\u4efd\u8bc1\uff08\u539f\u4ef6\u3001\u590d\u5370\u4ef6\uff09\u3001\u5b66\u6821\u5b66\u7c4d\u7ba1\u7406\u90e8\u95e8\u51fa\u5177\u7684\u8bc1\u660e\uff0c\u62a5\u8003\u6559\u5e08\u8d44\u683c\u8003\u8bd5\u3002',
               u'\u3000\u3000\u4e94\u3001\u5173\u4e8e\u6301\u5916\u7701\u7b14\u8bd5\u6210\u7ee9\u5728\u6211\u7701\u62a5\u540d\u53c2\u52a0\u8003\u8bd5\u7684\u8bf4\u660e',
               u'\u3000\u3000\u6839\u636e\u6559\u80b2\u90e8\u6559\u5e08\u8d44\u683c\u8ba4\u5b9a\u6307\u5bfc\u4e2d\u5fc3\u300a\u5173\u4e8e\u4e2d\u5c0f\u5b66\u548c\u5e7c\u513f\u56ed\u6559\u5e08\u8d44\u683c\u8003\u8bd5\u6210\u7ee9\u5168\u56fd\u6709\u6548\u7684\u901a\u77e5\u300b\uff08\u6559\u8d44\u5b57[2012]24\u53f7\uff09\u7684\u7cbe\u795e\uff0c\u5df2\u7ecf\u5728\u5916\u7701\u53c2\u52a0\u8fc7\u5168\u56fd\u4e2d\u5c0f\u5b66\u6559\u5e08\u8d44\u683c\u8003\u8bd5\u7b14\u8bd5\u4e14\u6210\u7ee9\u5408\u683c\u7684\u8003\u751f\uff0c\u5728\u6ee1\u8db3\u6211\u7701\u62a5\u8003\u6761\u4ef6\uff08\u8be6\u89c1\u672c\u516c\u544a\u201c\u8003\u8bd5\u5bf9\u8c61\u201d\u3001\u201c\u62a5\u8003\u6761\u4ef6\u201d\u90e8\u5206\uff09\u7684\u524d\u63d0\u4e0b\uff0c\u6301\u6709\u6548\u671f\u5185\u7b14\u8bd5\u6210\u7ee9\uff08\u62a5\u540d\u7f51\u7ad9\u4e0a\u53ef\u67e5\uff09\uff0c\u53ef\u4ee5\u5728\u6211\u7701\u53c2\u52a0\u4e2d\u5c0f\u5b66\u6559\u5e08\u8d44\u683c\u8003\u8bd5\u3002\u4f8b\u5982\uff1a\u67d0\u8003\u751f\u5728\u5916\u7701\u53c2\u52a0\u4e86\u7b14\u8bd5\uff0c\u5404\u79d1\u6210\u7ee9\u5747\u5408\u683c\uff0c\u6237\u7c4d\u6216\u4eba\u4e8b\u5173\u7cfb\u5728\u6d59\u6c5f\u7701\u5185\u7684\uff0c\u5b66\u5386\u6761\u4ef6\u4e5f\u7b26\u5408\u6d59\u6c5f\u7701\u7684\u62a5\u8003\u8981\u6c42\u7684\uff0c\u53ef\u4ee5\u5728\u6211\u7701\u62a5\u540d\u53c2\u52a0\u9762\u8bd5\uff1b\u5728\u5916\u7701\u53c2\u52a0\u7b14\u8bd5\u79d1\u76ee\u8003\u8bd5\u67d0\u4e00\u5355\u79d1\u6210\u7ee9\u5408\u683c\u7684\uff0c\u6237\u7c4d\u6216\u4eba\u4e8b\u5173\u7cfb\u5728\u6d59\u6c5f\u7701\u5185\u7684\uff0c\u5b66\u5386\u6761\u4ef6\u4e5f\u7b26\u5408\u6211\u7701\u7684\u62a5\u8003\u8981\u6c42\u7684\uff0c\u5728\u6211\u7701\u62a5\u540d\u53c2\u52a0\u7b14\u8bd5\u65f6\uff0c\u8be5\u5408\u683c\u79d1\u76ee\u53ef\u4ee5\u514d\u4e88\u8003\u8bd5\u3002\u51e1\u672a\u8fbe\u5230\u6d59\u6c5f\u7701\u62a5\u8003\u6761\u4ef6\u4e2d\u5bf9\u6237\u7c4d\u6216\u4eba\u4e8b\u5173\u7cfb\u5728\u6d59\u6c5f\u7701\u5185\uff0c\u4ee5\u53ca\u5b66\u5386\u57fa\u672c\u8981\u6c42\u7684\u8003\u751f\uff0c\u6211\u7701\u5747\u4e0d\u63a5\u53d7\u62a5\u540d\u3002',
               u'\u3000\u3000\u516d\u3001\u51c6\u8003\u8bc1\u83b7\u53d6',
               u'\u3000\u3000\u8003\u751f\u5728\u5b8c\u6210\u73b0\u573a\u786e\u8ba4\u624b\u7eed\u540e\uff0c\u53ef\u5728\u8003\u524d\u4e00\u5468\u767b\u9646\u6559\u80b2\u90e8\u4e2d\u5c0f\u5b66\u6559\u5e08\u8d44\u683c\u8003\u8bd5\u7f51\u7ad9\u62a5\u540d\u7cfb\u7edf\uff0c\u81ea\u884c\u4e0b\u8f7d\u5e76\u6253\u5370\u51c6\u8003\u8bc1\uff0c\u6309\u7167\u51c6\u8003\u8bc1\u4e0a\u660e\u786e\u7684\u65f6\u95f4\u3001\u5730\u70b9\u548c\u5176\u4ed6\u8981\u6c42\u53c2\u52a0\u8003\u8bd5\u3002',
               u'\u3000\u3000\u4e03\u3001\u8003\u8bd5\u8fdd\u89c4\u5904\u7406',
               u'\u3000\u3000\u5728\u4e2d\u5c0f\u5b66\u6559\u5e08\u8d44\u683c\u8003\u8bd5\u4e2d\u51fa\u73b0\u8fdd\u89c4\u60c5\u51b5\u7684\uff0c\u6309\u7167\u300a\u56fd\u5bb6\u6559\u80b2\u8003\u8bd5\u8fdd\u89c4\u5904\u7406\u529e\u6cd5\u300b\uff08\u4e2d\u534e\u4eba\u6c11\u5171\u548c\u56fd\u6559\u80b2\u90e8\u4ee4\u7b2c33\u53f7\uff09\u53ca\u76f8\u5173\u89c4\u5b9a\u5904\u7406\u3002',
               u'\u3000\u3000\u516b\u3001\u8003\u8bd5\u6536\u8d39',
               u'\u3000\u3000\u6839\u636e\u6d59\u6c5f\u7701\u7269\u4ef7\u5c40\u3001\u6d59\u6c5f\u7701\u8d22\u653f\u5385\u6d59\u4ef7\u8d39[2016]176\u53f7\u6587\u4ef6\u89c4\u5b9a\uff0c\u81ea2017\u5e74\u4e0a\u534a\u5e74\u8d77\u4e2d\u5c0f\u5b66\u6559\u5e08\u8d44\u683c\u7b14\u8bd5\u8003\u8bd5\u6536\u8d39\u6807\u51c6\u4e3a\u6bcf\u4eba\u6bcf\u79d1\u6b2170\u5143\u3002',
               u'\u3000\u3000\u4e5d\u3001\u8003\u8bd5\u6210\u7ee9\u67e5\u8be2',
               u'\u3000\u30002017\u5e74\u4e0a\u534a\u5e74\u4e2d\u5c0f\u5b66\u6559\u5e08\u8d44\u683c\u8003\u8bd5\u7b14\u8bd5\u6210\u7ee9\u53ef\u81ea4\u6708\u4e2d\u65ec\u8d77\u901a\u8fc7\u6559\u80b2\u90e8\u4e2d\u5c0f\u5b66\u6559\u5e08\u8d44\u683c\u8003\u8bd5\u7f51\u7ad9\uff08www.ntce.cn\uff09\u67e5\u8be2\u3002',
               u'\u3000\u3000\u6709\u5173\u8003\u8bd5\u7684\u8be6\u7ec6\u4fe1\u606f\uff0c\u8bf7\u767b\u9646\u6559\u80b2\u90e8\u4e2d\u5c0f\u5b66\u6559\u5e08\u8d44\u683c\u8003\u8bd5\u7f51\u7ad9\uff08www.ntce.cn\uff09\u4e86\u89e3\u300a\u8003\u8bd5\u6807\u51c6\u300b\u548c\u300a\u8003\u8bd5\u5927\u7eb2\u300b\u7b49\u76f8\u5173\u60c5\u51b5\u3002',
               u'\u3000\u3000\u6d59\u6c5f\u7701\u6559\u80b2\u8003\u8bd5\u9662\u54a8\u8be2\u7535\u8bdd\uff1a0571-88908550\uff1b88908530\u3002',
               u'\u3000\u3000\u6d59\u6c5f\u7701\u6559\u80b2\u8003\u8bd5\u9662',
               u'\u3000\u30002017\u5e741\u67084\u65e5',
               u'\u3000\u3000\u70b9\u51fb\u201c\u9605\u8bfb\u5168\u6587\u201d\u53bb\u4e0b\u8f7d\u5b66\u7c4d\u8bc1\u660e',
               u'\u3000\u3000\u56de\u590d\u201c \u6559\u6750\u201d\u627e\u5230\u5907\u8003\u6559\u6750 ',
               u'\u3000\u3000\u6559\u5e08\u8d44\u683c\u8bc1\u62a5\u540d\u8003\u8bd5\u5fae\u4fe1\u53f7\uff1aTeacher-ce',
               u'\u3000\u3000? \u60a8\u7684\u70b9\u8d5e\u662f\u5c0f\u7f16\u7528\u5fc3\u8fd0\u8425\u7684\u6700\u5927\u52a8\u529b\u54e6',
               u'\u3000\u3000\u70b9\u51fb\u201c\u9605\u8bfb\u5168\u6587\u201d\u53bb\u4e0b\u8f7d\u5b66\u7c4d\u8bc1\u660e'],
 'online_time': 20170104210713,
 'read_count': 3,
 'section': u'\u6559\u80b2',
 'source': [],
 'tag': u'\u6559\u80b2\u90e8,\u7b14\u8bd5',
 'title': u'\u3010\u6d59\u6c5f\u30112017\u4e0a\u534a\u5e74\u6559\u5e08\u8d44\u683c\u8bc1\u8003\u8bd5\u7b14\u8bd5\u62a5\u540d\u516c\u544a'}
Traceback (most recent call last):
  File "/usr/local/Python27/lib/python2.7/site-packages/Twisted-16.4.1-py2.7-linux-x86_64.egg/twisted/internet/defer.py", line 587, in _runCallbacks
    current.result = callback(current.result, *args, **kw)
  File "/home/spider_scrap/new_sohu/new_sohu/mysqlpipelines/pipelines.py", line 28, in process_item
    Sql.insert_t_informations(info_id, source, title, online_time, section, tag, author, link)
  File "/home/spider_scrap/new_sohu/new_sohu/mysqlpipelines/sql.py", line 33, in insert_t_informations
    cur.execute(sql, value)
  File "/usr/local/Python27/lib/python2.7/site-packages/mysql/connector/cursor.py", line 537, in execute
    stmt, self._process_params_dict(params))
  File "/usr/local/Python27/lib/python2.7/site-packages/mysql/connector/cursor.py", line 404, in _process_params_dict
    "Failed processing pyformat-parameters; %s" % err)
ProgrammingError: Failed processing pyformat-parameters; Python 'list' cannot be converted to a MySQL type
2017-01-04 21:30:50 [scrapy] ERROR: Error processing {'author': [],
 'comment_count': 0,
 'description': u'\u6559\u5e08\u8d44\u683c\u9762\u8bd5\u65f6\u7684\u7ed3\u6784\u5316\u9762\u8bd5\u662f5\u5206\u949f\u56de\u7b542\u4e2a\u95ee\u9898\uff0c\u5206\u503c\u536040%\u5de6\u53f3\uff0c\u5982\u4f55\u5907\u8003\u7ed3\u6784\u5316\u9762\u8bd5\uff1f\u628a\u8fd9\u7bc7\u6587\u7ae0\u91cc\u9762\u7684\u5185\u5bb9\u597d\u597d\u770b\u770b\uff0c\u518d\u52a0\u4e0a\u81ea\u5df1\u7684\u7ec3\u4e60\uff0c\u57fa\u672c\u6ca1\u95ee\u9898\u54e6\uff01\u4ec0\u4e48\u662f\u7ed3\u6784\u5316',
 'info_id': 'n477788335',
 'link': 'http://mt.sohu.com/20170104/n477788335.shtml',
 'news_body': [u'\u3000\u3000\u6559\u5e08\u8d44\u683c\u9762\u8bd5\u65f6\u7684\u7ed3\u6784\u5316\u9762\u8bd5\u662f5\u5206\u949f\u56de\u7b542\u4e2a\u95ee\u9898\uff0c\u5206\u503c\u536040%\u5de6\u53f3\uff0c\u5982\u4f55\u5907\u8003\u7ed3\u6784\u5316\u9762\u8bd5\uff1f\u628a\u8fd9\u7bc7\u6587\u7ae0\u91cc\u9762\u7684\u5185\u5bb9\u597d\u597d\u770b\u770b\uff0c\u518d\u52a0\u4e0a\u81ea\u5df1\u7684\u7ec3\u4e60\uff0c\u57fa\u672c\u6ca1\u95ee\u9898\u54e6\uff01',
               u'\u3000\u3000\u4ec0\u4e48\u662f\u7ed3\u6784\u5316\u9762\u8bd5\uff1f',
               u'\u3000\u3000\u7b54\uff1a\u7ed3\u6784\u5316\u9762\u8bd5\u8fd9\u4e2a\u8bcd\uff0c\u5728\u6559\u5e08\u8d44\u683c\u8003\u8bd5\u5f53\u4e2d\u662f\u975e\u5e38\u719f\u6089\u7684\uff0c\u7ed3\u6784\u5316\u9762\u8bd5\u90e8\u5206\u662f\u6709\u660e\u786e\u89c4\u5b9a\uff0c\u6709\u4e24\u4e2a\u9898\u76ee\uff0c\u90fd\u662f\u4ece\u9898\u5e93\u5f53\u4e2d\u62bd\u53d6\u7684\uff0c\u9898\u5e93\u662f\u56fd\u5bb6\u6559\u80b2\u90e8\u8003\u8bd5\u4e2d\u5fc3\u7edf\u4e00\u5b9a\u7684\u9898\u76ee\uff0c\u9898\u76ee\u4e5f\u662f\u56fa\u5b9a\u7684\u3002',
               u'\u3000\u3000\u5c31\u662f\u56fa\u5b9a\u7684\u95ee\u9898\u3001\u56fa\u5b9a\u7684\u5f62\u5f0f\uff0c\u4f60\u8fdb\u53bb\u4ee5\u540e\u62bd\u5230\u7684\u9898\u76ee\uff0c\u56fa\u5b9a\u597d\u4e86\uff0c\u5c31\u662f\u8fd9\u4e2a\u9898\u76ee\uff0c\u4e0d\u662f\u968f\u673a\u7684\uff0c\u7ed3\u6784\u5316\u95ee\u7b54\u7684\u5f62\u5f0f\uff0c\u548c\u7b54\u8fa9\u7684\u5f62\u5f0f\u6709\u70b9\u7c7b\u4f3c\u3002\u7ed3\u6784\u5316\u9762\u8bd5\u5177\u6709\u5185\u5bb9\u786e\u5b9a\uff0c\u7a0b\u5e8f\u4e25\u8c28\uff0c\u8bc4\u5206\u7edf\u4e00\uff0c\u76f4\u89c2\u7075\u6d3b\uff0c\u4fe1\u5ea6\u548c\u6548\u5ea6\u8f83\u9ad8\u7b49\u7279\u70b9\u3002',
               u'\u3000\u3000\u6559\u5e08\u8d44\u683c\u7ed3\u6784\u5316\u9762\u8bd5\uff0c\u4f60\u9700\u8981\u5728\u4e94\u5206\u949f\u5185\u5c55\u793a\u51fa\u903b\u8f91\u601d\u7ef4\u548c\u8bed\u8a00\u8868\u8fbe\u80fd\u529b\u4ee5\u53ca\u4f5c\u4e3a\u4e00\u4e2a\u6559\u5e08\u5e94\u8be5\u6709\u7684\u57fa\u672c\u793c\u4eea\u548c\u98ce\u91c7\u3002\u5728\u4e94\u5206\u949f\u7684\u4ea4\u6d41\u4e2d\uff0c\u8003\u5b98\u4f1a\u5bf9\u4f60\u7684\u903b\u8f91\u601d\u7ef4\u3001\u804c\u4e1a\u7406\u89e3\u3001\u8bed\u8a00\u8868\u8fbe\u3001\u4e13\u4e1a\u77e5\u8bc6\u7b49\u60c5\u51b5\u6709\u4e00\u4e2a\u6574\u4f53\u8ba4\u77e5\uff0c\u4ece\u800c\u5f97\u5230\u4e00\u4e2a\u6bd4\u8f83\u5168\u9762\u3001\u5ba2\u89c2\u7684\u7acb\u4f53\u5f62\u8c61\uff0c\u5e76\u4ee5\u6b64\u6765\u5224\u65ad\u4f60\u662f\u5426\u80fd\u591f\u6210\u4e3a\u4e00\u540d\u5408\u683c\u7684\u4eba\u6c11\u6559\u5e08\u3002',
               u'\u3000\u3000\u90a3\u4e48\uff0c\u5728\u6559\u5e08\u7ed3\u6784\u5316\u9762\u8bd5\u4e2d\uff0c\u5982\u4f55\u8868\u73b0\u4f60\u5e0c\u671b\u505a\u6559\u5e08\u7684\u51b3\u5fc3\uff0c\u800c\u4e14\u5177\u6709\u6210\u4e3a\u4e00\u540d\u51fa\u8272\u6559\u5e08\u7684\u6f5c\u529b\u53ca\u8d44\u8d28\u5462?',
               u'\u3000\u3000\u4e0b\u9762\u4e00\u7bc7\u6587\u7ae0\u6574\u7406\u6c47\u603b@\u6559\u5e08\u8d44\u683c\u8bc1\u62a5\u540d\u8003\u8bd5\u5fae\u535a\u5173\u4e8e\u6559\u5e08\u8d44\u683c\u9762\u8bd5\u4e2d\u7684\u7ed3\u6784\u5316\u9762\u8bd5\u5907\u8003\u6700\u65b0\u76f8\u5173\u8d44\u6599\u4f9b\u540c\u5b66\u4eec\u5907\u8003\u51b2\u523a\uff01',
               u'\u3000\u3000\u7b2c\u4e00\u6b65\uff1a\u70b9\u51fb\u201c\u9605\u8bfb\u5168\u6587\u201d\u53bb\u770b\u7ed3\u6784\u5316\u5168\u6c47\u603b',
               u'\u3000\u3000',
               u'\u3000\u3000\u7b2c\u4e8c\u6b65\uff1a\u70b9\u51fb\u201c\u52a0\u8f7d\u5168\u6587\u201d\u67e5\u770b',
               u'\u3000\u3000\u56de\u590d\u201c \u6559\u6750\u201d\u627e\u5230\u5907\u8003\u6559\u6750 ',
               u'\u3000\u3000\u6559\u5e08\u8d44\u683c\u8bc1\u62a5\u540d\u8003\u8bd5\u5fae\u4fe1\u53f7\uff1aTeacher-ce',
               u'\u3000\u3000? \u60a8\u7684\u70b9\u8d5e\u662f\u5c0f\u7f16\u7528\u5fc3\u8fd0\u8425\u7684\u6700\u5927\u52a8\u529b\u54e6',
               u'\u3000\u3000\u70b9\u51fb\u201c\u9605\u8bfb\u5168\u6587\u201d\u53bb\u770b\u7ed3\u6784\u5316\u5168\u6c47\u603b'],
 'online_time': 20170104210713,
 'read_count': 5,
 'section': u'\u6559\u80b2',
 'source': [],
 'tag': u'\u9762\u8bd5',
 'title': u'\u770b\u8fd9\u4e2a\u5c31\u53ef\u4ee5\u4e86\uff01\u5907\u8003\u6559\u5e08\u8d44\u683c\u7ed3\u6784\u5316\u9762\u8bd5'}
Traceback (most recent call last):
  File "/usr/local/Python27/lib/python2.7/site-packages/Twisted-16.4.1-py2.7-linux-x86_64.egg/twisted/internet/defer.py", line 587, in _runCallbacks
    current.result = callback(current.result, *args, **kw)
  File "/home/spider_scrap/new_sohu/new_sohu/mysqlpipelines/pipelines.py", line 28, in process_item
    Sql.insert_t_informations(info_id, source, title, online_time, section, tag, author, link)
  File "/home/spider_scrap/new_sohu/new_sohu/mysqlpipelines/sql.py", line 33, in insert_t_informations
    cur.execute(sql, value)
  File "/usr/local/Python27/lib/python2.7/site-packages/mysql/connector/cursor.py", line 537, in execute
    stmt, self._process_params_dict(params))
  File "/usr/local/Python27/lib/python2.7/site-packages/mysql/connector/cursor.py", line 404, in _process_params_dict
    "Failed processing pyformat-parameters; %s" % err)
ProgrammingError: Failed processing pyformat-parameters; Python 'list' cannot be converted to a MySQL type
2017-01-05 08:30:58 [scrapy] ERROR: Error processing {'author': [],
 'comment_count': 0,
 'description': u'\u8f66\u5320C80\u68c0\u6d4b\u4eea\u53ef\u4ee5\u52a9\u4f60\u4e00\u81c2\u4e4b\u529b\u52a0\u7248\u4e3b\u5fae\u4fe115902162746\u53ef\u4ee5\u8fdb\u6280\u672f\u4ea4\u6d41\u7fa4\u4ea4\u6d41\u8f6c\u53d1\u5230\u4f60\u7684\u670b\u53cb\u5708\u8ba9\u66f4\u591a\u4eba\u53d7\u76ca!\u7248\u6743\u5f52\u539f\u4f5c\u8005\u6240\u6709\uff0c\u5982\u6709\u4fb5\u6743\u8bf7\u544a\u77e5\u6211\u4eec\u5220\u9664\uff01\u70b9\u51fb',
 'info_id': 'n477806732',
 'link': 'http://mt.sohu.com/20170105/n477806732.shtml',
 'news_body': [u'\u3000\u3000',
               u'\u3000\u3000',
               u'\u3000\u3000',
               u'\u3000\u3000',
               u'\u3000\u3000',
               u'\u3000\u3000',
               u'\u3000\u3000',
               u'\u3000\u3000',
               u'\u3000\u3000',
               u'\u3000\u3000',
               u'\u3000\u3000',
               u'\u3000\u3000',
               u'\u3000\u3000',
               u'\u3000\u3000',
               u'\u3000\u3000',
               u'\u3000\u3000',
               u'\u3000\u3000',
               u'\u3000\u3000',
               u'\u3000\u3000',
               u'\u3000\u3000',
               u'\u3000\u3000',
               u'\u3000\u3000',
               u'\u3000\u3000',
               u'\u3000\u3000',
               u'\u3000\u3000',
               u'\u3000\u3000',
               u'\u3000\u3000',
               u'\u3000\u3000',
               u'\u3000\u3000',
               u'\u8f66\u5320C80\u68c0\u6d4b\u4eea\u53ef\u4ee5\u52a9\u4f60\u4e00\u81c2\u4e4b\u529b',
               u'\u3000\u3000',
               u'\u3000\u3000',
               u'\u3000\u3000',
               u'\u3000\u3000',
               u'\u3000\u3000\u52a0\u7248\u4e3b\u5fae\u4fe115902162746\u53ef\u4ee5\u8fdb\u6280\u672f\u4ea4\u6d41\u7fa4\u4ea4\u6d41',
               u'\u3000\u3000\u8f6c\u53d1\u5230\u4f60\u7684\u670b\u53cb\u5708\u8ba9\u66f4\u591a\u4eba\u53d7\u76ca!',
               u'\u3000\u3000\u7248\u6743\u5f52\u539f\u4f5c\u8005\u6240\u6709\uff0c\u5982\u6709\u4fb5\u6743\u8bf7\u544a\u77e5\u6211\u4eec\u5220\u9664\uff01',
               u'\u3000\u3000\u70b9\u51fb"\u67f4\u6cb9\u8f66\u670d\u52a1\u4ff1\u4e50\u90e8\u201d\u6216\u957f\u6309\u4e0a\u9762\u4e8c\u7ef4\u7801\u5173\u6ce8\u6211\uff0c\u6bcf\u5929\u90fd\u6709\u514d\u8d39\u7684\u60ca\u559c\u54e6',
               u'\u3000\u3000\u70b9\u51fb"\u82b1\u5f00\u65e0\u58f0\u201d\u6216\u957f\u6309\u4e0a\u9762\u4e8c\u7ef4\u7801\u5173\u6ce8\u6211\uff0c\u6bcf\u5929\u90fd\u6709\u514d\u8d39\u7684\u60ca\u559c\u54e6'],
 'online_time': 20170105073625,
 'read_count': 1,
 'section': u'\u6559\u80b2',
 'source': [],
 'tag': None,
 'title': u'ECU\u6545\u969c\u7801\u4e00\u89c8\u8868'}
Traceback (most recent call last):
  File "/usr/local/Python27/lib/python2.7/site-packages/Twisted-16.4.1-py2.7-linux-x86_64.egg/twisted/internet/defer.py", line 587, in _runCallbacks
    current.result = callback(current.result, *args, **kw)
  File "/home/spider_scrap/new_sohu/new_sohu/mysqlpipelines/pipelines.py", line 28, in process_item
    Sql.insert_t_informations(info_id, source, title, online_time, section, tag, author, link)
  File "/home/spider_scrap/new_sohu/new_sohu/mysqlpipelines/sql.py", line 33, in insert_t_informations
    cur.execute(sql, value)
  File "/usr/local/Python27/lib/python2.7/site-packages/mysql/connector/cursor.py", line 537, in execute
    stmt, self._process_params_dict(params))
  File "/usr/local/Python27/lib/python2.7/site-packages/mysql/connector/cursor.py", line 404, in _process_params_dict
    "Failed processing pyformat-parameters; %s" % err)
ProgrammingError: Failed processing pyformat-parameters; Python 'list' cannot be converted to a MySQL type
2017-01-05 08:30:58 [scrapy] ERROR: Error processing {'author': [],
 'comment_count': 0,
 'description': u'\u52a0\u7248\u4e3b\u5fae\u4fe115902162746\u53ef\u4ee5\u8fdb\u6280\u672f\u4ea4\u6d41\u7fa4\u4ea4\u6d41\u8f6c\u53d1\u5230\u4f60\u7684\u670b\u53cb\u5708\u8ba9\u66f4\u591a\u4eba\u53d7\u76ca!\u7248\u6743\u5f52\u539f\u4f5c\u8005\u6240\u6709\uff0c\u5982\u6709\u4fb5\u6743\u8bf7\u544a\u77e5\u6211\u4eec\u5220\u9664\uff01\u70b9\u51fb"\u67f4\u6cb9\u8f66\u670d\u52a1\u4ff1\u4e50\u90e8\u201d\u6216',
 'info_id': 'n477806723',
 'link': 'http://mt.sohu.com/20170105/n477806723.shtml',
 'news_body': [u'\u3000\u3000',
               u'\u3000\u3000\u52a0\u7248\u4e3b\u5fae\u4fe115902162746\u53ef\u4ee5\u8fdb\u6280\u672f\u4ea4\u6d41\u7fa4\u4ea4\u6d41',
               u'\u3000\u3000\u8f6c\u53d1\u5230\u4f60\u7684\u670b\u53cb\u5708\u8ba9\u66f4\u591a\u4eba\u53d7\u76ca!',
               u'\u3000\u3000\u7248\u6743\u5f52\u539f\u4f5c\u8005\u6240\u6709\uff0c\u5982\u6709\u4fb5\u6743\u8bf7\u544a\u77e5\u6211\u4eec\u5220\u9664\uff01',
               u'\u3000\u3000\u70b9\u51fb"\u67f4\u6cb9\u8f66\u670d\u52a1\u4ff1\u4e50\u90e8\u201d\u6216\u957f\u6309\u4e0a\u9762\u4e8c\u7ef4\u7801\u5173\u6ce8\u6211\uff0c\u6bcf\u5929\u90fd\u6709\u514d\u8d39\u7684\u60ca\u559c\u54e6',
               u'\u3000\u3000\u70b9\u51fb"\u82b1\u5f00\u65e0\u58f0\u201d\u6216\u957f\u6309\u4e0a\u9762\u4e8c\u7ef4\u7801\u5173\u6ce8\u6211\uff0c\u6bcf\u5929\u90fd\u6709\u514d\u8d39\u7684\u60ca\u559c\u54e6'],
 'online_time': 20170105073625,
 'read_count': 1,
 'section': u'\u6559\u80b2',
 'source': [],
 'tag': None,
 'title': u'\u56fd\u5916\u53d1\u660e\u7684\u8def\u969c\uff0c\u5361\u8f66\u53f8\u673a\u770b\u4e86\u4f1a\u4ea7\u751f\u5fc3\u7406\u9634\u5f71'}
Traceback (most recent call last):
  File "/usr/local/Python27/lib/python2.7/site-packages/Twisted-16.4.1-py2.7-linux-x86_64.egg/twisted/internet/defer.py", line 587, in _runCallbacks
    current.result = callback(current.result, *args, **kw)
  File "/home/spider_scrap/new_sohu/new_sohu/mysqlpipelines/pipelines.py", line 28, in process_item
    Sql.insert_t_informations(info_id, source, title, online_time, section, tag, author, link)
  File "/home/spider_scrap/new_sohu/new_sohu/mysqlpipelines/sql.py", line 33, in insert_t_informations
    cur.execute(sql, value)
  File "/usr/local/Python27/lib/python2.7/site-packages/mysql/connector/cursor.py", line 537, in execute
    stmt, self._process_params_dict(params))
  File "/usr/local/Python27/lib/python2.7/site-packages/mysql/connector/cursor.py", line 404, in _process_params_dict
    "Failed processing pyformat-parameters; %s" % err)
ProgrammingError: Failed processing pyformat-parameters; Python 'list' cannot be converted to a MySQL type
